make all --print-data-base --no-builtin-variables --no-builtin-rules --question
# GNU Make 3.81
# Copyright (C) 2006  Free Software Foundation, Inc.
# This is free software; see the source for copying conditions.
# There is NO warranty; not even for MERCHANTABILITY or FITNESS FOR A
# PARTICULAR PURPOSE.

# This program built for i386-apple-darwin11.3.0
 
Makefile:73: warning: overriding commands for target `e2e_validator_out'
Makefile:41: warning: ignoring old commands for target `e2e_validator_out'

make: *** No rule to make target `all'.  Stop.


# Make data base, printed on Thu Aug  4 06:04:56 2022

# Variables

# automatic
<D = $(patsubst %/,%,$(dir $<))
# automatic
?F = $(notdir $?)
# environment
VSCODE_LOG_NATIVE = false
# automatic
?D = $(patsubst %/,%,$(dir $?))
# automatic
@D = $(patsubst %/,%,$(dir $@))
# automatic
@F = $(notdir $@)
# makefile
 
CURDIR := /Users/ukpaiugochi/gravity-bridge
# makefile
SHELL = /bin/sh
# environment
VSCODE_NLS_CONFIG = {"locale":"en-gb","availableLanguages":{},"_languagePackSupport":true}
# environment
_ = /usr/bin/make
# makefile (from `Makefile', line 1)
MAKEFILE_LIST :=  Makefile
# environment
VSCODE_AMD_ENTRYPOINT = vs/workbench/api/node/extensionHostProcess
# environment
VSCODE_VERBOSE_LOGGING = true
# environment
__CFBundleIdentifier = com.microsoft.VSCode
# environment
INFOPATH = /opt/homebrew/share/info:
# environment
VSCODE_IPC_HOOK_EXTHOST = /var/folders/ns/20wg_vm169s09pcp0m36vqhw0000gn/T/vscode-ipc-3b6e09a6-9171-4703-a942-5169b5131660.sock
# environment
VSCODE_CWD = /
# environment
GOPROXY = https://proxy.golang.org,direct
# environment
PATH = /opt/homebrew/bin:/opt/homebrew/sbin:/usr/local/bin:/usr/bin:/bin:/usr/sbin:/sbin:/usr/local/go/bin:/Users/ukpaiugochi/.cargo/bin
# environment
GOPATH = /Users/ukpaiugochi/go
# environment
VSCODE_LOG_STACK = false
# environment
ELECTRON_RUN_AS_NODE = 1
# default
.FEATURES := target-specific order-only second-expansion else-if archives jobserver check-symlink
# environment
SSH_AUTH_SOCK = /private/tmp/com.apple.launchd.hXsS3c2HCJ/Listeners
# automatic
%F = $(notdir $%)
# environment
VSCODE_PIPE_LOGGING = true
# environment
PWD = /Users/ukpaiugochi/gravity-bridge
# environment
HOMEBREW_CELLAR = /opt/homebrew/Cellar
# environment
ORIGINAL_XDG_CURRENT_DESKTOP = undefined
# environment
MANPATH = /opt/homebrew/share/man::
# environment
GOMODCACHE = /Users/ukpaiugochi/go/pkg/mod
# environment
HOME = /Users/ukpaiugochi
# default
MAKEFILEPATH = $(shell /usr/bin/xcode-select -print-path 2>/dev/null || echo /Developer)/Makefiles
# environment
VSCODE_CODE_CACHE_PATH = /Users/ukpaiugochi/Library/Application Support/Code/CachedData/57fd6d0195bb9b9d1b49f6da5db789060795de47
# environment
LOGNAME = ukpaiugochi
# environment
APPLICATION_INSIGHTS_NO_DIAGNOSTIC_CHANNEL = 1
# environment
VSCODE_HANDLES_UNCAUGHT_ERRORS = true
# automatic
^D = $(patsubst %/,%,$(dir $^))
# environment
XPC_FLAGS = 0x0
# default
MAKE = $(MAKE_COMMAND)
# default
MAKECMDGOALS := all
# environment
SHLVL = 1
# default
MAKE_VERSION := 3.81
# environment
USER = ukpaiugochi
# makefile (from `Makefile', line 1)
.DEFAULT_GOAL := e2e_slow_loris
# automatic
%D = $(patsubst %/,%,$(dir $%))
# default
MAKE_COMMAND := /Library/Developer/CommandLineTools/usr/bin/make
# default
.VARIABLES := 
# environment
TMPDIR = /var/folders/ns/20wg_vm169s09pcp0m36vqhw0000gn/T/
# automatic
*F = $(notdir $*)
# environment
VSCODE_IPC_HOOK = /Users/ukpaiugochi/Library/Application Support/Code/1.67.0-main.sock
# makefile
MAKEFLAGS = Rrqp
# environment
MFLAGS = -Rrqp
# automatic
*D = $(patsubst %/,%,$(dir $*))
# environment
XPC_SERVICE_NAME = application.com.microsoft.VSCode.264783.264789
# environment
HOMEBREW_PREFIX = /opt/homebrew
# automatic
+D = $(patsubst %/,%,$(dir $+))
# automatic
+F = $(notdir $+)
# environment
HOMEBREW_REPOSITORY = /opt/homebrew
# environment
__CF_USER_TEXT_ENCODING = 0x1F5:0x0:0x0
# environment
COMMAND_MODE = unix2003
# default
MAKEFILES := 
# automatic
<F = $(notdir $<)
# environment
LC_ALL = C
# automatic
^F = $(notdir $^)
# default
SUFFIXES := 
# default
.INCLUDE_DIRS = /usr/local/include
# environment
MAKELEVEL := 0
# environment
LANG = C
# environment
VSCODE_PID = 511
# variable set hash-table stats:
# Load=70/1024=7%, Rehash=0, Collisions=2/94=2%

# Pattern-specific Variable Values

# No pattern-specific variable values.

# Directories

# . (device 16777232, inode 5102146): 27 files, no impossibilities.

# 27 files, no impossibilities in 1 directories.

# Implicit Rules

# No implicit rules.

# Files

e2e_happy_path: e2e_clean_slate
#  Implicit rule search has not been done.
#  Modification time never checked.
#  File has not been updated.
#  commands to execute (from `Makefile', line 67):
	integration_tests/integration_tests.test -test.failfast -test.v -test.run IntegrationTestSuite -testify.m TestHappyPath || make -s fail
	

e2e_batch_stress: e2e_clean_slate
#  Implicit rule search has not been done.
#  Modification time never checked.
#  File has not been updated.
#  commands to execute (from `Makefile', line 38):
	@testnet/testnet.test -test.run TestBatchStress -test.failfast -test.v || make -s fail
	

# Not a target:
all:
#  Command-line target.
#  Implicit rule search has been done.
#  File does not exist.
#  File has not been updated.
# variable set hash-table stats:
# Load=0/32=0%, Rehash=0, Collisions=0/0=0%

# Not a target:
.SUFFIXES:
#  Implicit rule search has not been done.
#  Modification time never checked.
#  File has not been updated.

# Not a target:
Makefile:
#  Implicit rule search has been done.
#  Last modified 2022-08-01 15:56:35
#  File has been updated.
#  Successfully updated.
# variable set hash-table stats:
# Load=0/32=0%, Rehash=0, Collisions=0/0=0%

e2e_validator_out: e2e_clean_slate e2e_clean_slate
#  Implicit rule search has not been done.
#  Modification time never checked.
#  File has not been updated.
#  commands to execute (from `Makefile', line 73):
	integration_tests/integration_tests.test -test.failfast -test.v -test.run IntegrationTestSuite -testify.m TestValidatorOut || make -s fail
	

e2e_orchestrator_keys: e2e_clean_slate
#  Implicit rule search has not been done.
#  Modification time never checked.
#  File has not been updated.
#  commands to execute (from `Makefile', line 50):
	@testnet/testnet.test -test.run TestOrchestratorKeys -test.failfast -test.v || make -s fail
	

e2e_valset_update: e2e_clean_slate
#  Implicit rule search has not been done.
#  Modification time never checked.
#  File has not been updated.
#  commands to execute (from `Makefile', line 70):
	integration_tests/integration_tests.test -test.failfast -test.v -test.run IntegrationTestSuite -testify.m TestValsetUpdate || make -s fail
	

e2e_clean_slate:
#  Implicit rule search has not been done.
#  Modification time never checked.
#  File has not been updated.
#  commands to execute (from `Makefile', line 18):
	@docker rm --force \
	$(shell docker ps -qa --filter="name=contract_deployer") \
	$(shell docker ps -qa --filter="name=ethereum") \
	$(shell docker ps -qa --filter="name=gravity") \
	$(shell docker ps -qa --filter="name=orchestrator") \
	1>/dev/null \
	2>/dev/null \
	|| true
	@docker wait \
	$(shell docker ps -qa --filter="name=contract_deployer") \
	$(shell docker ps -qa --filter="name=ethereum") \
	$(shell docker ps -qa --filter="name=gravity") \
	$(shell docker ps -qa --filter="name=orchestrator") \
 
	1>/dev/null \
	2>/dev/null \
	|| true
	@docker network prune --force 1>/dev/null 2>/dev/null || true
	@cd integration_tests && go test -c
	

e2e_valset_stress: e2e_clean_slate
#  Implicit rule search has not been done.
#  Modification time never checked.
#  File has not been updated.
#  commands to execute (from `Makefile', line 44):
	@testnet/testnet.test -test.run TestValsetStress -test.failfast -test.v || make -s fail
	

e2e_build_images:
#  Implicit rule search has not been done.
#  Modification time never checked.
#  File has not been updated.
#  commands to execute (from `Makefile', line 4):
	@docker build -t gravity:prebuilt -f module/Dockerfile module/
	@docker build -t ethereum:prebuilt -f integration_tests/ethereum/Dockerfile integration_tests/ethereum/
	@docker build -t orchestrator:prebuilt -f orchestrator/Dockerfile orchestrator/
	

# Not a target:
.DEFAULT:
#  Implicit rule search has not been done.
#  Modification time never checked.
#  File has not been updated.

fail:
#  Implicit rule search has not been done.
#  Modification time never checked.
#  File has not been updated.
#  commands to execute (from `Makefile', line 53):
	@echo 'test failed; dumping container logs into ./testlogs for review'
	@docker logs contract_deployer > testlogs/contract_deployer.log 2>&1 || true
	@docker logs gravity0 > testlogs/gravity0.log 2>&1 || true
	@docker logs gravity1 > testlogs/gravity1.log 2>&1 || true
	@docker logs gravity2 > testlogs/gravity2.log 2>&1 || true
	@docker logs gravity3 > testlogs/gravity3.log 2>&1 || true
	@docker logs orchestrator0 > testlogs/orchestrator0.log 2>&1 || true
	@docker logs orchestrator1 > testlogs/orchestrator1.log 2>&1 || true
	@docker logs orchestrator2 > testlogs/orchestrator2.log 2>&1 || true
	@docker logs orchestrator3 > testlogs/orchestrator3.log 2>&1 || true
	@docker logs ethereum > testlogs/ethereum.log 2>&1 || true
	@false
	

e2e_slow_loris:
#  Implicit rule search has not been done.
#  Modification time never checked.
#  File has not been updated.
#  commands to execute (from `Makefile', line 10):
	@make -s e2e_happy_path
	@make -s e2e_orchestrator_keys
	@make -s e2e_arbitrary_logic
	@make -s e2e_validator_out
	@make -s e2e_batch_stress
	@make -s e2e_valset_stress
	

e2e_arbitrary_logic: e2e_clean_slate
#  Implicit rule search has not been done.
#  Modification time never checked.
#  File has not been updated.
#  commands to execute (from `Makefile', line 47):
	@testnet/testnet.test -test.run TestArbitraryLogic -test.failfast -test.v || make -s fail
	

# files hash-table stats:
# Load=15/1024=1%, Rehash=0, Collisions=0/36=0%
# VPATH Search Paths

# No `vpath' search paths.

# No general (`VPATH' variable) search path.

# # of strings in strcache: 1
# # of strcache buffers: 1
# strcache size: total = 4096 / max = 4096 / min = 4096 / avg = 4096
# strcache free: total = 4087 / max = 4087 / min = 4087 / avg = 4087

# Finished Make data base on Thu Aug  4 06:04:56 2022

 
